CRITICAL - 2023-08-07 03:52:58 --> mysqli_result::fetch_object(): Argument #1 ($class) must be a valid class name, App\Models\Nivel given
in SYSTEMPATH\Database\MySQLi\Result.php on line 154.
 1 SYSTEMPATH\Database\MySQLi\Result.php(154): mysqli_result->fetch_object('App\\Models\\Nivel')
 2 SYSTEMPATH\Database\BaseResult.php(159): CodeIgniter\Database\MySQLi\Result->fetchObject('App\\Models\\Nivel')
 3 SYSTEMPATH\Database\BaseResult.php(114): CodeIgniter\Database\BaseResult->getCustomResultObject('App\\Models\\Nivel')
 4 SYSTEMPATH\Model.php(242): CodeIgniter\Database\BaseResult->getResult('App\\Models\\Nivel')
 5 SYSTEMPATH\BaseModel.php(618): CodeIgniter\Model->doFindAll(0, 0)
 6 APPPATH\Controllers\NivelController.php(13): CodeIgniter\BaseModel->findAll()
 7 SYSTEMPATH\CodeIgniter.php(932): App\Controllers\NivelController->index()
 8 SYSTEMPATH\CodeIgniter.php(497): CodeIgniter\CodeIgniter->runController(Object(App\Controllers\NivelController))
 9 SYSTEMPATH\CodeIgniter.php(366): CodeIgniter\CodeIgniter->handleRequest(null, Object(Config\Cache), false)
10 FCPATH\index.php(67): CodeIgniter\CodeIgniter->run()
CRITICAL - 2023-08-07 22:57:09 --> Call to undefined method App\Entities\Departamento::region()
in APPPATH\Views\departamentos\index.php on line 49.
 1 SYSTEMPATH\View\View.php(224): include()
 2 SYSTEMPATH\View\View.php(227): CodeIgniter\View\View->CodeIgniter\View\{closure}()
 3 SYSTEMPATH\Common.php(1176): CodeIgniter\View\View->render('departamentos/index', [], true)
 4 APPPATH\Controllers\DepartamentoController.php(23): view('departamentos/index', [...])
 5 SYSTEMPATH\CodeIgniter.php(932): App\Controllers\DepartamentoController->index()
 6 SYSTEMPATH\CodeIgniter.php(497): CodeIgniter\CodeIgniter->runController(Object(App\Controllers\DepartamentoController))
 7 SYSTEMPATH\CodeIgniter.php(366): CodeIgniter\CodeIgniter->handleRequest(null, Object(Config\Cache), false)
 8 FCPATH\index.php(67): CodeIgniter\CodeIgniter->run()
CRITICAL - 2023-08-07 22:57:34 --> Call to undefined method App\Entities\Departamento::region()
in APPPATH\Views\departamentos\index.php on line 49.
 1 SYSTEMPATH\View\View.php(224): include()
 2 SYSTEMPATH\View\View.php(227): CodeIgniter\View\View->CodeIgniter\View\{closure}()
 3 SYSTEMPATH\Common.php(1176): CodeIgniter\View\View->render('departamentos/index', [], true)
 4 APPPATH\Controllers\DepartamentoController.php(23): view('departamentos/index', [...])
 5 SYSTEMPATH\CodeIgniter.php(932): App\Controllers\DepartamentoController->index()
 6 SYSTEMPATH\CodeIgniter.php(497): CodeIgniter\CodeIgniter->runController(Object(App\Controllers\DepartamentoController))
 7 SYSTEMPATH\CodeIgniter.php(366): CodeIgniter\CodeIgniter->handleRequest(null, Object(Config\Cache), false)
 8 FCPATH\index.php(67): CodeIgniter\CodeIgniter->run()
CRITICAL - 2023-08-07 22:57:35 --> Call to undefined method App\Entities\Departamento::region()
in APPPATH\Views\departamentos\index.php on line 49.
 1 SYSTEMPATH\View\View.php(224): include()
 2 SYSTEMPATH\View\View.php(227): CodeIgniter\View\View->CodeIgniter\View\{closure}()
 3 SYSTEMPATH\Common.php(1176): CodeIgniter\View\View->render('departamentos/index', [], true)
 4 APPPATH\Controllers\DepartamentoController.php(23): view('departamentos/index', [...])
 5 SYSTEMPATH\CodeIgniter.php(932): App\Controllers\DepartamentoController->index()
 6 SYSTEMPATH\CodeIgniter.php(497): CodeIgniter\CodeIgniter->runController(Object(App\Controllers\DepartamentoController))
 7 SYSTEMPATH\CodeIgniter.php(366): CodeIgniter\CodeIgniter->handleRequest(null, Object(Config\Cache), false)
 8 FCPATH\index.php(67): CodeIgniter\CodeIgniter->run()
CRITICAL - 2023-08-07 22:57:36 --> Call to undefined method App\Entities\Departamento::region()
in APPPATH\Views\departamentos\index.php on line 49.
 1 SYSTEMPATH\View\View.php(224): include()
 2 SYSTEMPATH\View\View.php(227): CodeIgniter\View\View->CodeIgniter\View\{closure}()
 3 SYSTEMPATH\Common.php(1176): CodeIgniter\View\View->render('departamentos/index', [], true)
 4 APPPATH\Controllers\DepartamentoController.php(23): view('departamentos/index', [...])
 5 SYSTEMPATH\CodeIgniter.php(932): App\Controllers\DepartamentoController->index()
 6 SYSTEMPATH\CodeIgniter.php(497): CodeIgniter\CodeIgniter->runController(Object(App\Controllers\DepartamentoController))
 7 SYSTEMPATH\CodeIgniter.php(366): CodeIgniter\CodeIgniter->handleRequest(null, Object(Config\Cache), false)
 8 FCPATH\index.php(67): CodeIgniter\CodeIgniter->run()
CRITICAL - 2023-08-07 22:57:36 --> Call to undefined method App\Entities\Departamento::region()
in APPPATH\Views\departamentos\index.php on line 49.
 1 SYSTEMPATH\View\View.php(224): include()
 2 SYSTEMPATH\View\View.php(227): CodeIgniter\View\View->CodeIgniter\View\{closure}()
 3 SYSTEMPATH\Common.php(1176): CodeIgniter\View\View->render('departamentos/index', [], true)
 4 APPPATH\Controllers\DepartamentoController.php(23): view('departamentos/index', [...])
 5 SYSTEMPATH\CodeIgniter.php(932): App\Controllers\DepartamentoController->index()
 6 SYSTEMPATH\CodeIgniter.php(497): CodeIgniter\CodeIgniter->runController(Object(App\Controllers\DepartamentoController))
 7 SYSTEMPATH\CodeIgniter.php(366): CodeIgniter\CodeIgniter->handleRequest(null, Object(Config\Cache), false)
 8 FCPATH\index.php(67): CodeIgniter\CodeIgniter->run()
CRITICAL - 2023-08-07 22:57:37 --> Call to undefined method App\Entities\Departamento::region()
in APPPATH\Views\departamentos\index.php on line 49.
 1 SYSTEMPATH\View\View.php(224): include()
 2 SYSTEMPATH\View\View.php(227): CodeIgniter\View\View->CodeIgniter\View\{closure}()
 3 SYSTEMPATH\Common.php(1176): CodeIgniter\View\View->render('departamentos/index', [], true)
 4 APPPATH\Controllers\DepartamentoController.php(23): view('departamentos/index', [...])
 5 SYSTEMPATH\CodeIgniter.php(932): App\Controllers\DepartamentoController->index()
 6 SYSTEMPATH\CodeIgniter.php(497): CodeIgniter\CodeIgniter->runController(Object(App\Controllers\DepartamentoController))
 7 SYSTEMPATH\CodeIgniter.php(366): CodeIgniter\CodeIgniter->handleRequest(null, Object(Config\Cache), false)
 8 FCPATH\index.php(67): CodeIgniter\CodeIgniter->run()
CRITICAL - 2023-08-07 22:57:37 --> Call to undefined method App\Entities\Departamento::region()
in APPPATH\Views\departamentos\index.php on line 49.
 1 SYSTEMPATH\View\View.php(224): include()
 2 SYSTEMPATH\View\View.php(227): CodeIgniter\View\View->CodeIgniter\View\{closure}()
 3 SYSTEMPATH\Common.php(1176): CodeIgniter\View\View->render('departamentos/index', [], true)
 4 APPPATH\Controllers\DepartamentoController.php(23): view('departamentos/index', [...])
 5 SYSTEMPATH\CodeIgniter.php(932): App\Controllers\DepartamentoController->index()
 6 SYSTEMPATH\CodeIgniter.php(497): CodeIgniter\CodeIgniter->runController(Object(App\Controllers\DepartamentoController))
 7 SYSTEMPATH\CodeIgniter.php(366): CodeIgniter\CodeIgniter->handleRequest(null, Object(Config\Cache), false)
 8 FCPATH\index.php(67): CodeIgniter\CodeIgniter->run()
CRITICAL - 2023-08-07 22:57:38 --> Call to undefined method App\Entities\Departamento::region()
in APPPATH\Views\departamentos\index.php on line 49.
 1 SYSTEMPATH\View\View.php(224): include()
 2 SYSTEMPATH\View\View.php(227): CodeIgniter\View\View->CodeIgniter\View\{closure}()
 3 SYSTEMPATH\Common.php(1176): CodeIgniter\View\View->render('departamentos/index', [], true)
 4 APPPATH\Controllers\DepartamentoController.php(23): view('departamentos/index', [...])
 5 SYSTEMPATH\CodeIgniter.php(932): App\Controllers\DepartamentoController->index()
 6 SYSTEMPATH\CodeIgniter.php(497): CodeIgniter\CodeIgniter->runController(Object(App\Controllers\DepartamentoController))
 7 SYSTEMPATH\CodeIgniter.php(366): CodeIgniter\CodeIgniter->handleRequest(null, Object(Config\Cache), false)
 8 FCPATH\index.php(67): CodeIgniter\CodeIgniter->run()
CRITICAL - 2023-08-07 22:57:38 --> Call to undefined method App\Entities\Departamento::region()
in APPPATH\Views\departamentos\index.php on line 49.
 1 SYSTEMPATH\View\View.php(224): include()
 2 SYSTEMPATH\View\View.php(227): CodeIgniter\View\View->CodeIgniter\View\{closure}()
 3 SYSTEMPATH\Common.php(1176): CodeIgniter\View\View->render('departamentos/index', [], true)
 4 APPPATH\Controllers\DepartamentoController.php(23): view('departamentos/index', [...])
 5 SYSTEMPATH\CodeIgniter.php(932): App\Controllers\DepartamentoController->index()
 6 SYSTEMPATH\CodeIgniter.php(497): CodeIgniter\CodeIgniter->runController(Object(App\Controllers\DepartamentoController))
 7 SYSTEMPATH\CodeIgniter.php(366): CodeIgniter\CodeIgniter->handleRequest(null, Object(Config\Cache), false)
 8 FCPATH\index.php(67): CodeIgniter\CodeIgniter->run()
CRITICAL - 2023-08-07 22:57:38 --> Call to undefined method App\Entities\Departamento::region()
in APPPATH\Views\departamentos\index.php on line 49.
 1 SYSTEMPATH\View\View.php(224): include()
 2 SYSTEMPATH\View\View.php(227): CodeIgniter\View\View->CodeIgniter\View\{closure}()
 3 SYSTEMPATH\Common.php(1176): CodeIgniter\View\View->render('departamentos/index', [], true)
 4 APPPATH\Controllers\DepartamentoController.php(23): view('departamentos/index', [...])
 5 SYSTEMPATH\CodeIgniter.php(932): App\Controllers\DepartamentoController->index()
 6 SYSTEMPATH\CodeIgniter.php(497): CodeIgniter\CodeIgniter->runController(Object(App\Controllers\DepartamentoController))
 7 SYSTEMPATH\CodeIgniter.php(366): CodeIgniter\CodeIgniter->handleRequest(null, Object(Config\Cache), false)
 8 FCPATH\index.php(67): CodeIgniter\CodeIgniter->run()
CRITICAL - 2023-08-07 22:57:39 --> Call to undefined method App\Entities\Departamento::region()
in APPPATH\Views\departamentos\index.php on line 49.
 1 SYSTEMPATH\View\View.php(224): include()
 2 SYSTEMPATH\View\View.php(227): CodeIgniter\View\View->CodeIgniter\View\{closure}()
 3 SYSTEMPATH\Common.php(1176): CodeIgniter\View\View->render('departamentos/index', [], true)
 4 APPPATH\Controllers\DepartamentoController.php(23): view('departamentos/index', [...])
 5 SYSTEMPATH\CodeIgniter.php(932): App\Controllers\DepartamentoController->index()
 6 SYSTEMPATH\CodeIgniter.php(497): CodeIgniter\CodeIgniter->runController(Object(App\Controllers\DepartamentoController))
 7 SYSTEMPATH\CodeIgniter.php(366): CodeIgniter\CodeIgniter->handleRequest(null, Object(Config\Cache), false)
 8 FCPATH\index.php(67): CodeIgniter\CodeIgniter->run()
CRITICAL - 2023-08-07 22:58:05 --> Call to undefined method App\Entities\Departamento::region()
in APPPATH\Views\departamentos\index.php on line 49.
 1 SYSTEMPATH\View\View.php(224): include()
 2 SYSTEMPATH\View\View.php(227): CodeIgniter\View\View->CodeIgniter\View\{closure}()
 3 SYSTEMPATH\Common.php(1176): CodeIgniter\View\View->render('departamentos/index', [], true)
 4 APPPATH\Controllers\DepartamentoController.php(23): view('departamentos/index', [...])
 5 SYSTEMPATH\CodeIgniter.php(932): App\Controllers\DepartamentoController->index()
 6 SYSTEMPATH\CodeIgniter.php(497): CodeIgniter\CodeIgniter->runController(Object(App\Controllers\DepartamentoController))
 7 SYSTEMPATH\CodeIgniter.php(366): CodeIgniter\CodeIgniter->handleRequest(null, Object(Config\Cache), false)
 8 FCPATH\index.php(67): CodeIgniter\CodeIgniter->run()
CRITICAL - 2023-08-07 22:58:06 --> Call to undefined method App\Entities\Departamento::region()
in APPPATH\Views\departamentos\index.php on line 49.
 1 SYSTEMPATH\View\View.php(224): include()
 2 SYSTEMPATH\View\View.php(227): CodeIgniter\View\View->CodeIgniter\View\{closure}()
 3 SYSTEMPATH\Common.php(1176): CodeIgniter\View\View->render('departamentos/index', [], true)
 4 APPPATH\Controllers\DepartamentoController.php(23): view('departamentos/index', [...])
 5 SYSTEMPATH\CodeIgniter.php(932): App\Controllers\DepartamentoController->index()
 6 SYSTEMPATH\CodeIgniter.php(497): CodeIgniter\CodeIgniter->runController(Object(App\Controllers\DepartamentoController))
 7 SYSTEMPATH\CodeIgniter.php(366): CodeIgniter\CodeIgniter->handleRequest(null, Object(Config\Cache), false)
 8 FCPATH\index.php(67): CodeIgniter\CodeIgniter->run()
CRITICAL - 2023-08-07 22:58:06 --> Call to undefined method App\Entities\Departamento::region()
in APPPATH\Views\departamentos\index.php on line 49.
 1 SYSTEMPATH\View\View.php(224): include()
 2 SYSTEMPATH\View\View.php(227): CodeIgniter\View\View->CodeIgniter\View\{closure}()
 3 SYSTEMPATH\Common.php(1176): CodeIgniter\View\View->render('departamentos/index', [], true)
 4 APPPATH\Controllers\DepartamentoController.php(23): view('departamentos/index', [...])
 5 SYSTEMPATH\CodeIgniter.php(932): App\Controllers\DepartamentoController->index()
 6 SYSTEMPATH\CodeIgniter.php(497): CodeIgniter\CodeIgniter->runController(Object(App\Controllers\DepartamentoController))
 7 SYSTEMPATH\CodeIgniter.php(366): CodeIgniter\CodeIgniter->handleRequest(null, Object(Config\Cache), false)
 8 FCPATH\index.php(67): CodeIgniter\CodeIgniter->run()
