ERROR - 2023-08-15 15:43:57 --> mysqli_sql_exception: Duplicate entry '1860782500101' for key 'PRIMARY' in C:\xampp\htdocs\actividad1\system\Database\MySQLi\Connection.php:295
Stack trace:
#0 C:\xampp\htdocs\actividad1\system\Database\MySQLi\Connection.php(295): mysqli->query('UPDATE `ciudada...', 0)
#1 C:\xampp\htdocs\actividad1\system\Database\BaseConnection.php(692): CodeIgniter\Database\MySQLi\Connection->execute('UPDATE `ciudada...')
#2 C:\xampp\htdocs\actividad1\system\Database\BaseConnection.php(606): CodeIgniter\Database\BaseConnection->simpleQuery('UPDATE `ciudada...')
#3 C:\xampp\htdocs\actividad1\system\Database\BaseBuilder.php(2476): CodeIgniter\Database\BaseConnection->query('UPDATE `ciudada...', Array, false)
#4 C:\xampp\htdocs\actividad1\system\Model.php(396): CodeIgniter\Database\BaseBuilder->update()
#5 C:\xampp\htdocs\actividad1\system\BaseModel.php(943): CodeIgniter\Model->doUpdate(Array, Array)
#6 C:\xampp\htdocs\actividad1\system\Model.php(756): CodeIgniter\BaseModel->update(Array, Array)
#7 C:\xampp\htdocs\actividad1\app\Controllers\CiudadanoController.php(128): CodeIgniter\Model->update('11', Array)
#8 C:\xampp\htdocs\actividad1\system\CodeIgniter.php(932): App\Controllers\CiudadanoController->update('11')
#9 C:\xampp\htdocs\actividad1\system\CodeIgniter.php(497): CodeIgniter\CodeIgniter->runController(Object(App\Controllers\CiudadanoController))
#10 C:\xampp\htdocs\actividad1\system\CodeIgniter.php(366): CodeIgniter\CodeIgniter->handleRequest(NULL, Object(Config\Cache), false)
#11 C:\xampp\htdocs\actividad1\public\index.php(67): CodeIgniter\CodeIgniter->run()
#12 {main}
CRITICAL - 2023-08-15 15:43:57 --> Duplicate entry '1860782500101' for key 'PRIMARY'
in SYSTEMPATH\Database\MySQLi\Connection.php on line 295.
 1 SYSTEMPATH\Database\MySQLi\Connection.php(295): mysqli->query('UPDATE `ciudadanos` SET `dpi` = \'1860782500101\', `apellido` = \'Dardón López\', `nombre` = \'Manuel Lisandro\', `direccion` = \'9na calle C\', `tel_casa` = \'88989898\', `tel_movil` = \'98989898\', `email` = \'manueldardon@hotmail.com\', `fechanac` = \'1984-03-13\', `cod_nivel_acad` = \'4\'
WHERE `ciudadanos`.`dpi` IN (\'11\')', 0)
 2 SYSTEMPATH\Database\BaseConnection.php(692): CodeIgniter\Database\MySQLi\Connection->execute('UPDATE `ciudadanos` SET `dpi` = \'1860782500101\', `apellido` = \'Dardón López\', `nombre` = \'Manuel Lisandro\', `direccion` = \'9na calle C\', `tel_casa` = \'88989898\', `tel_movil` = \'98989898\', `email` = \'manueldardon@hotmail.com\', `fechanac` = \'1984-03-13\', `cod_nivel_acad` = \'4\'
WHERE `ciudadanos`.`dpi` IN (\'11\')')
 3 SYSTEMPATH\Database\BaseConnection.php(606): CodeIgniter\Database\BaseConnection->simpleQuery('UPDATE `ciudadanos` SET `dpi` = \'1860782500101\', `apellido` = \'Dardón López\', `nombre` = \'Manuel Lisandro\', `direccion` = \'9na calle C\', `tel_casa` = \'88989898\', `tel_movil` = \'98989898\', `email` = \'manueldardon@hotmail.com\', `fechanac` = \'1984-03-13\', `cod_nivel_acad` = \'4\'
WHERE `ciudadanos`.`dpi` IN (\'11\')')
 4 SYSTEMPATH\Database\BaseBuilder.php(2476): CodeIgniter\Database\BaseConnection->query('UPDATE `ciudadanos` SET `dpi` = :dpi:, `apellido` = :apellido:, `nombre` = :nombre:, `direccion` = :direccion:, `tel_casa` = :tel_casa:, `tel_movil` = :tel_movil:, `email` = :email:, `fechanac` = :fechanac:, `cod_nivel_acad` = :cod_nivel_acad:
WHERE `ciudadanos`.`dpi` IN :ciudadanos.dpi:', [...], false)
 5 SYSTEMPATH\Model.php(396): CodeIgniter\Database\BaseBuilder->update()
 6 SYSTEMPATH\BaseModel.php(943): CodeIgniter\Model->doUpdate([...], [...])
 7 SYSTEMPATH\Model.php(756): CodeIgniter\BaseModel->update([...], [...])
 8 APPPATH\Controllers\CiudadanoController.php(128): CodeIgniter\Model->update('11', [...])
 9 SYSTEMPATH\CodeIgniter.php(932): App\Controllers\CiudadanoController->update('11')
10 SYSTEMPATH\CodeIgniter.php(497): CodeIgniter\CodeIgniter->runController(Object(App\Controllers\CiudadanoController))
11 SYSTEMPATH\CodeIgniter.php(366): CodeIgniter\CodeIgniter->handleRequest(null, Object(Config\Cache), false)
12 FCPATH\index.php(67): CodeIgniter\CodeIgniter->run()
